##############################################################################################################
#
# Rosetta crash log. Please submit the contents of this file to http://crash.rosettacommons.org/
# or use the script Rosetta/main/source/scripts/python/public/report_crashes.py
#

[START_CRASH_REPORT]
[ROSETTA_VERSION]: 2026.15+HEAD.b166af21f0
[COMMIT_DATE]: 2026-04-10T14:11:34
[APPLICATION]: UNKNOWN APPLICATION
[MODE]: Release
[EXTRAS]: cxx11thread serialization 
[OS]: GNU/Linux
[COMPILER]: Clang version "6.0.0 (tags/RELEASE_600/final)"
[STDLIB]: libstdc++ version 20191114
[START_OPTIONS]
NO OPTIONS SPECIFIED

[END_OPTIONS]

[START_BACKTRACE]: RAW_LIBC
/home/scroll/miniforge3/envs/rosetta/bin/libutility.so(backtrace_string[abi:cxx11](int)+0x3f) [0x7f6b4381002f]
/home/scroll/miniforge3/envs/rosetta/bin/libutility.so(utility::excn::Exception::Exception(char const*, int, std::__cxx11::basic_string<char, std::char_traits<char>, std::allocator<char> > const&)+0x138) [0x7f6b438391c8]
/home/scroll/miniforge3/envs/rosetta/bin/libutility.so(utility::options::OptionCollection::find_key_cl(std::__cxx11::basic_string<char, std::char_traits<char>, std::allocator<char> > const&, std::__cxx11::basic_string<char, std::char_traits<char>, std::allocator<char> > const&, bool)+0x11a5) [0x7f6b4392eb75]
/home/scroll/miniforge3/envs/rosetta/bin/libutility.so(utility::options::OptionCollection::load_option_file(std::__cxx11::basic_string<char, std::char_traits<char>, std::allocator<char> > const&, std::__cxx11::list<std::__cxx11::basic_string<char, std::char_traits<char>, std::allocator<char> >, std::allocator<std::__cxx11::basic_string<char, std::char_traits<char>, std::allocator<char> > > >&, std::__cxx11::basic_string<char, std::char_traits<char>, std::allocator<char> >&, bool)+0x736) [0x7f6b439294e6]
/home/scroll/miniforge3/envs/rosetta/bin/libutility.so(utility::options::OptionCollection::load_options_from_stream(std::istream&, std::__cxx11::basic_string<char, std::char_traits<char>, std::allocator<char> > const&, std::__cxx11::basic_string<char, std::char_traits<char>, std::allocator<char> > const&, bool)+0x4f0) [0x7f6b43927180]
/home/scroll/miniforge3/envs/rosetta/bin/libutility.so(utility::options::OptionCollection::load_options_from_file_exception(std::__cxx11::basic_string<char, std::char_traits<char>, std::allocator<char> > const&, std::__cxx11::basic_string<char, std::char_traits<char>, std::allocator<char> > const&)+0x15f) [0x7f6b4392998f]
/home/scroll/miniforge3/envs/rosetta/bin/libutility.so(utility::options::OptionCollection::load(std::__cxx11::basic_string<char, std::char_traits<char>, std::allocator<char> >, std::__cxx11::list<std::__cxx11::basic_string<char, std::char_traits<char>, std::allocator<char> >, std::allocator<std::__cxx11::basic_string<char, std::char_traits<char>, std::allocator<char> > > >&, bool)+0x412) [0x7f6b43922d92]
/home/scroll/miniforge3/envs/rosetta/bin/libutility.so(utility::options::OptionCollection::load(int, char* const*, bool)+0x23d) [0x7f6b4392408d]
/home/scroll/miniforge3/envs/rosetta/bin/libcore.6.so(core::init::init(int, char**)+0x2f) [0x7f6b49ad881f]
docking_protocol() [0x402f89]
/lib/x86_64-linux-gnu/libc.so.6(+0x29d90) [0x7f6b40581d90]
/lib/x86_64-linux-gnu/libc.so.6(__libc_start_main+0x80) [0x7f6b40581e40]
docking_protocol() [0x4024ca]

[END_BACKTRACE]

[FILE]: src/utility/options/OptionCollection.cc
[LINE]: 1467
[START_MESSAGE]
Option matching -docking:local_refine not found in command line top-level context

[END_MESSAGE]
[END_CRASH_REPORT]

##############################################################################################################
#
# Rosetta crash log. Please submit the contents of this file to http://crash.rosettacommons.org/
# or use the script Rosetta/main/source/scripts/python/public/report_crashes.py
#

[START_CRASH_REPORT]
[ROSETTA_VERSION]: 2026.15+HEAD.b166af21f0
[COMMIT_DATE]: 2026-04-10T14:11:34
[APPLICATION]: docking_protocol
[MODE]: Release
[EXTRAS]: cxx11thread serialization 
[OS]: GNU/Linux
[COMPILER]: Clang version "6.0.0 (tags/RELEASE_600/final)"
[STDLIB]: libstdc++ version 20191114
[START_OPTIONS]
 -in:ignore_unrecognized_res -in:file:s=input.pdb -out:nstruct=10 -out:file:scorefile=global.sc -out:path:all=output_global/ -docking:partners=A_B

[END_OPTIONS]

[START_BACKTRACE]: RAW_LIBC
/home/scroll/miniforge3/envs/rosetta/bin/libutility.so(backtrace_string[abi:cxx11](int)+0x3f) [0x7f0c3721002f]
/home/scroll/miniforge3/envs/rosetta/bin/libutility.so(utility::excn::Exception::Exception(char const*, int, std::__cxx11::basic_string<char, std::char_traits<char>, std::allocator<char> > const&)+0x138) [0x7f0c372391c8]
/home/scroll/miniforge3/envs/rosetta/bin/libutility.so(utility::UtilityExitException::UtilityExitException(char const*, int, std::__cxx11::basic_string<char, std::char_traits<char>, std::allocator<char> > const&)+0xbc) [0x7f0c37213a3c]
/home/scroll/miniforge3/envs/rosetta/bin/libutility.so(utility::exit(char const*, int, std::__cxx11::basic_string<char, std::char_traits<char>, std::allocator<char> > const&, int)+0x31) [0x7f0c37213911]
/home/scroll/miniforge3/envs/rosetta/bin/libprotocols.1.so(protocols::jd2::wwPDBJobOutputter::final_pose(std::shared_ptr<protocols::jd2::Job>, core::pose::Pose const&, std::__cxx11::basic_string<char, std::char_traits<char>, std::allocator<char> > const&)+0x6fb) [0x7f0c3dee5bfb]
/home/scroll/miniforge3/envs/rosetta/bin/libprotocols.1.so(protocols::jd2::JobDistributor::job_succeeded(core::pose::Pose&, double, std::__cxx11::basic_string<char, std::char_traits<char>, std::allocator<char> > const&)+0x55) [0x7f0c3de88fe5]
/home/scroll/miniforge3/envs/rosetta/bin/libprotocols.1.so(protocols::jd2::FileSystemJobDistributor::job_succeeded(core::pose::Pose&, double, std::__cxx11::basic_string<char, std::char_traits<char>, std::allocator<char> > const&)+0x9) [0x7f0c3de7cf29]
/home/scroll/miniforge3/envs/rosetta/bin/libprotocols.1.so(protocols::jd2::JobDistributor::write_output_from_job(core::pose::Pose&, std::shared_ptr<protocols::moves::Mover>, protocols::moves::MoverStatus, unsigned long, unsigned long&)+0xc27) [0x7f0c3de8bb17]
/home/scroll/miniforge3/envs/rosetta/bin/libprotocols.1.so(protocols::jd2::JobDistributor::run_one_job(std::shared_ptr<protocols::moves::Mover>&, long, std::__cxx11::basic_string<char, std::char_traits<char>, std::allocator<char> >&, std::__cxx11::basic_string<char, std::char_traits<char>, std::allocator<char> >&, unsigned long&, unsigned long&, bool)+0x1fec) [0x7f0c3de85dcc]
/home/scroll/miniforge3/envs/rosetta/bin/libprotocols.1.so(protocols::jd2::JobDistributor::go_main(std::shared_ptr<protocols::moves::Mover>)+0xcd) [0x7f0c3de82b0d]
/home/scroll/miniforge3/envs/rosetta/bin/libprotocols.1.so(protocols::jd2::FileSystemJobDistributor::go(std::shared_ptr<protocols::moves::Mover>)+0x4f) [0x7f0c3de7ce1f]
docking_protocol() [0x402a19]
docking_protocol() [0x402f92]
/lib/x86_64-linux-gnu/libc.so.6(+0x29d90) [0x7f0c33f81d90]
/lib/x86_64-linux-gnu/libc.so.6(__libc_start_main+0x80) [0x7f0c33f81e40]
docking_protocol() [0x4024ca]

[END_BACKTRACE]

[FILE]: src/protocols/jd2/wwPDBJobOutputter.cc
[LINE]: 79
[START_MESSAGE]
[ ERROR ] UtilityExitException
ERROR: Unable to open file: output_global/input_0001.pdb




[END_MESSAGE]
[END_CRASH_REPORT]

##############################################################################################################
#
# Rosetta crash log. Please submit the contents of this file to http://crash.rosettacommons.org/
# or use the script Rosetta/main/source/scripts/python/public/report_crashes.py
#

[START_CRASH_REPORT]
[ROSETTA_VERSION]: 2026.15+HEAD.b166af21f0
[COMMIT_DATE]: 2026-04-10T14:11:34
[APPLICATION]: rosetta_scripts
[MODE]: Release
[EXTRAS]: cxx11thread serialization 
[OS]: GNU/Linux
[COMPILER]: Clang version "6.0.0 (tags/RELEASE_600/final)"
[STDLIB]: libstdc++ version 20191114
[START_OPTIONS]
 -in:ignore_unrecognized_res -in:file:s=input.pdb -out:nstruct=5 -out:file:scorefile=local.sc -out:path:all=output_local/ -parser:protocol=local_refine.xml

[END_OPTIONS]

[START_BACKTRACE]: RAW_LIBC
/home/scroll/miniforge3/envs/rosetta/bin/libutility.so(backtrace_string[abi:cxx11](int)+0x3f) [0x7f110f01002f]
/home/scroll/miniforge3/envs/rosetta/bin/libutility.so(utility::excn::Exception::Exception(char const*, int, std::__cxx11::basic_string<char, std::char_traits<char>, std::allocator<char> > const&)+0x138) [0x7f110f0391c8]
/home/scroll/miniforge3/envs/rosetta/bin/libprotocols.1.so(protocols::rosetta_scripts::RosettaScriptsParser::validate_input_script_against_xsd(std::__cxx11::basic_string<char, std::char_traits<char>, std::allocator<char> > const&, std::__cxx11::basic_stringstream<char, std::char_traits<char>, std::allocator<char> > const&) const+0x9ad) [0x7f1116100b2d]
/home/scroll/miniforge3/envs/rosetta/bin/libprotocols.1.so(protocols::rosetta_scripts::RosettaScriptsParser::finish_creating_tag(std::__cxx11::basic_string<char, std::char_traits<char>, std::allocator<char> > const&, utility::vector1<std::__cxx11::basic_string<char, std::char_traits<char>, std::allocator<char> >, std::allocator<std::__cxx11::basic_string<char, std::char_traits<char>, std::allocator<char> > > > const&, std::__cxx11::basic_string<char, std::char_traits<char>, std::allocator<char> > const&) const+0x18a) [0x7f11160fecba]
/home/scroll/miniforge3/envs/rosetta/bin/libprotocols.1.so(protocols::rosetta_scripts::RosettaScriptsParser::create_tag_from_xml(std::__cxx11::basic_string<char, std::char_traits<char>, std::allocator<char> > const&, utility::vector1<std::__cxx11::basic_string<char, std::char_traits<char>, std::allocator<char> >, std::allocator<std::__cxx11::basic_string<char, std::char_traits<char>, std::allocator<char> > > > const&)+0x112) [0x7f11160fc092]
/home/scroll/miniforge3/envs/rosetta/bin/libprotocols.1.so(protocols::rosetta_scripts::RosettaScriptsParser::create_tag_from_xml(std::__cxx11::basic_string<char, std::char_traits<char>, std::allocator<char> > const&, utility::options::OptionCollection const&)+0x169) [0x7f11160fb799]
/home/scroll/miniforge3/envs/rosetta/bin/libprotocols.1.so(protocols::rosetta_scripts::RosettaScriptsParser::generate_mover(std::shared_ptr<protocols::moves::Mover>&, bool, std::__cxx11::basic_string<char, std::char_traits<char>, std::allocator<char> > const&, std::__cxx11::basic_string<char, std::char_traits<char>, std::allocator<char> > const&, std::__cxx11::basic_string<char, std::char_traits<char>, std::allocator<char> > const&, bool)+0x1f3) [0x7f1116104063]
/home/scroll/miniforge3/envs/rosetta/bin/libprotocols.1.so(protocols::jd2::JobDistributor::run_one_job(std::shared_ptr<protocols::moves::Mover>&, long, std::__cxx11::basic_string<char, std::char_traits<char>, std::allocator<char> >&, std::__cxx11::basic_string<char, std::char_traits<char>, std::allocator<char> >&, unsigned long&, unsigned long&, bool)+0x21c5) [0x7f1115c85fa5]
/home/scroll/miniforge3/envs/rosetta/bin/libprotocols.1.so(protocols::jd2::JobDistributor::go_main(std::shared_ptr<protocols::moves::Mover>)+0xcd) [0x7f1115c82b0d]
/home/scroll/miniforge3/envs/rosetta/bin/libprotocols.1.so(protocols::jd2::FileSystemJobDistributor::go(std::shared_ptr<protocols::moves::Mover>)+0x4f) [0x7f1115c7ce1f]
rosetta_scripts() [0x403776]
/lib/x86_64-linux-gnu/libc.so.6(+0x29d90) [0x7f110bd81d90]
/lib/x86_64-linux-gnu/libc.so.6(__libc_start_main+0x80) [0x7f110bd81e40]
rosetta_scripts() [0x402eca]

[END_BACKTRACE]

[FILE]: src/protocols/rosetta_scripts/RosettaScriptsParser.cc
[LINE]: 1217
[START_MESSAGE]
Input rosetta scripts XML file "local_refine.xml" failed to validate against the rosetta scripts schema. Use the option -parser::output_schema <output filename> to output the schema to a file to see all valid options.
Your XML has failed validation.  The error message below will tell you where in your XML file the error occurred.  Here's how to fix it:

1) If the validation fails on something obvious, like an illegal attribute due to a spelling error (perhaps you used scorefnction instead of scorefunction), then you need to fix your XML file.
2) If you haven't run the XML rewriter script and this might be pre-2017 Rosetta XML, run the rewriter script (tools/xsd_xrw/rewrite_rosetta_script.py) on your input XML first.  The attribute values not being in quotes (scorefunction=talaris2014 instead of scorefunction="talaris2014") is a good indicator that this is your problem.
3) If you are a developer and neither 1 nor 2 worked - email the developer's mailing list or try Slack.
4) If you are an academic or commercial user - try the Rosetta Forums https://www.rosettacommons.org/forum


Error messages were:
From line 6:
Error: Element 'DockingProtocol', attribute 'local_refine': The attribute 'local_refine' is not allowed.

 1: <ROSETTASCRIPTS>
 2:     <SCOREFXNS>
 3:         <ScoreFunction name="ref2015" weights="ref2015.wts" />
 4:     </SCOREFXNS>
 5:     <MOVERS>
 6:         <DockingProtocol name="dock" local_refine="true" />
 7:     </MOVERS>
 8:     <PROTOCOLS>
 9:         <Add mover="dock" />
10:     </PROTOCOLS>
11: </ROSETTASCRIPTS>
------------------------------------------------------------
Warning messages were:
------------------------------------------------------------


[END_MESSAGE]
[END_CRASH_REPORT]

##############################################################################################################
#
# Rosetta crash log. Please submit the contents of this file to http://crash.rosettacommons.org/
# or use the script Rosetta/main/source/scripts/python/public/report_crashes.py
#

[START_CRASH_REPORT]
[ROSETTA_VERSION]: 2026.15+HEAD.b166af21f0
[COMMIT_DATE]: 2026-04-10T14:11:34
[APPLICATION]: docking_protocol
[MODE]: Release
[EXTRAS]: cxx11thread serialization 
[OS]: GNU/Linux
[COMPILER]: Clang version "6.0.0 (tags/RELEASE_600/final)"
[STDLIB]: libstdc++ version 20191114
[START_OPTIONS]
 -in:ignore_unrecognized_res -in:file:s=hsap_input.pdb -out:nstruct=10 -out:file:scorefile=hsap_global.sc -out:path:all=output_hsap_global/ -docking:partners=A_B

[END_OPTIONS]

[START_BACKTRACE]: RAW_LIBC
/home/scroll/miniforge3/envs/rosetta/bin/libutility.so(backtrace_string[abi:cxx11](int)+0x3f) [0x7f5b9321002f]
/home/scroll/miniforge3/envs/rosetta/bin/libutility.so(utility::excn::Exception::Exception(char const*, int, std::__cxx11::basic_string<char, std::char_traits<char>, std::allocator<char> > const&)+0x138) [0x7f5b932391c8]
/home/scroll/miniforge3/envs/rosetta/bin/libutility.so(utility::UtilityExitException::UtilityExitException(char const*, int, std::__cxx11::basic_string<char, std::char_traits<char>, std::allocator<char> > const&)+0xbc) [0x7f5b93213a3c]
/home/scroll/miniforge3/envs/rosetta/bin/libutility.so(utility::exit(char const*, int, std::__cxx11::basic_string<char, std::char_traits<char>, std::allocator<char> > const&, int)+0x31) [0x7f5b93213911]
/home/scroll/miniforge3/envs/rosetta/bin/libprotocols.1.so(protocols::jd2::wwPDBJobOutputter::final_pose(std::shared_ptr<protocols::jd2::Job>, core::pose::Pose const&, std::__cxx11::basic_string<char, std::char_traits<char>, std::allocator<char> > const&)+0x6fb) [0x7f5b99ee5bfb]
/home/scroll/miniforge3/envs/rosetta/bin/libprotocols.1.so(protocols::jd2::JobDistributor::job_succeeded(core::pose::Pose&, double, std::__cxx11::basic_string<char, std::char_traits<char>, std::allocator<char> > const&)+0x55) [0x7f5b99e88fe5]
/home/scroll/miniforge3/envs/rosetta/bin/libprotocols.1.so(protocols::jd2::FileSystemJobDistributor::job_succeeded(core::pose::Pose&, double, std::__cxx11::basic_string<char, std::char_traits<char>, std::allocator<char> > const&)+0x9) [0x7f5b99e7cf29]
/home/scroll/miniforge3/envs/rosetta/bin/libprotocols.1.so(protocols::jd2::JobDistributor::write_output_from_job(core::pose::Pose&, std::shared_ptr<protocols::moves::Mover>, protocols::moves::MoverStatus, unsigned long, unsigned long&)+0xc27) [0x7f5b99e8bb17]
/home/scroll/miniforge3/envs/rosetta/bin/libprotocols.1.so(protocols::jd2::JobDistributor::run_one_job(std::shared_ptr<protocols::moves::Mover>&, long, std::__cxx11::basic_string<char, std::char_traits<char>, std::allocator<char> >&, std::__cxx11::basic_string<char, std::char_traits<char>, std::allocator<char> >&, unsigned long&, unsigned long&, bool)+0x1fec) [0x7f5b99e85dcc]
/home/scroll/miniforge3/envs/rosetta/bin/libprotocols.1.so(protocols::jd2::JobDistributor::go_main(std::shared_ptr<protocols::moves::Mover>)+0xcd) [0x7f5b99e82b0d]
/home/scroll/miniforge3/envs/rosetta/bin/libprotocols.1.so(protocols::jd2::FileSystemJobDistributor::go(std::shared_ptr<protocols::moves::Mover>)+0x4f) [0x7f5b99e7ce1f]
docking_protocol() [0x402a19]
docking_protocol() [0x402f92]
/lib/x86_64-linux-gnu/libc.so.6(+0x29d90) [0x7f5b8ff81d90]
/lib/x86_64-linux-gnu/libc.so.6(__libc_start_main+0x80) [0x7f5b8ff81e40]
docking_protocol() [0x4024ca]

[END_BACKTRACE]

[FILE]: src/protocols/jd2/wwPDBJobOutputter.cc
[LINE]: 79
[START_MESSAGE]
[ ERROR ] UtilityExitException
ERROR: Unable to open file: output_hsap_global/hsap_input_0001.pdb




[END_MESSAGE]
[END_CRASH_REPORT]

